CREATE TABLE NationalPark(
    id INTEGER PRIMARY KEY NOT NULL,
    name VARCHAR(50) NOT NULL,
    history VARCHAR(500),
    url VARCHAR(300),
    size FLOAT
);
CREATE TABLE
CREATE TABLE PriceInfo(
    price FLOAT NOT NULL,
    tTime VARCHAR(20) NOT NULL,
    people_group VARCHAR(50) NOT NULL,
    id INTEGER NOT NULL REFERENCES NationalPark(id),
    PRIMARY KEY(tTime, people_group, id)
);
CREATE TABLE
CREATE TABLE Continent(
    name VARCHAR(50) PRIMARY KEY
);
CREATE TABLE
CREATE TABLE Country(
    name VARCHAR(16) PRIMARY KEY,
    language VARCHAR(50),
    continent VARCHAR(30) REFERENCES Continent(Name)
);
CREATE TABLE
CREATE TABLE IsInCountry(
    park_id INTEGER NOT NULL,
    country_name CHAR(50) NOT NULL,
    FOREIGN KEY(park_id) REFERENCES NationalPark(id),
    FOREIGN KEY(country_name) REFERENCES Country(name)
);
CREATE TABLE
CREATE TABLE VisitorStats(
    year INTEGER NOT NULL,
    PRIMARY KEY(year)
);
CREATE TABLE
CREATE TABLE HasStats(
    park_id INTEGER NOT NULL,
    year INTEGER NOT NULL,
    num_visitor INTEGER NOT NULL,
    PRIMARY KEY(park_id, year),
    FOREIGN KEY(year) REFERENCES VisitorStats(year),
    FOREIGN KEY(park_id) REFERENCES NationalPark(id)
);
CREATE TABLE
CREATE TABLE Recreation(
    Name VARCHAR(16) NOT NULL PRIMARY KEY
);
CREATE TABLE
CREATE TABLE HasRecreation(
    park_id INTEGER NOT NULL REFERENCES NationalPark(id),
    recreation_name VARCHAR(16) NOT NULL REFERENCES Recreation(name),
    description VARCHAR(1024)
);
CREATE TABLE
CREATE TABLE Climate(
    name VARCHAR(50) NOT NULL PRIMARY KEY,
    description VARCHAR(1024)
);
CREATE TABLE
CREATE TABLE IsOfClimate(
Name VARCHAR(50) NOT NULL,
FOREIGN KEY(name) REFERENCES Climate(Name),
park_id INTEGER NOT NULL REFERENCES NationalPark(Id),
maxTemp FLOAT,
minTemp FLOAT
);
CREATE TABLE
CREATE TABLE Geology(
    name VARCHAR(16) NOT NULL PRIMARY KEY,
    description VARCHAR(1024)
);
CREATE TABLE
CREATE TABLE IsOfGeology(
    park_id INTEGER NOT NULL REFERENCES NationalPark(id),
    name VARCHAR(16) NOT NULL REFERENCES Geology(name),
    description VARCHAR(1024)
);
CREATE TABLE
-- CREATE VIEW Highlights(park_id, num_visitor, geology, maxTemp, mintemp, recreation, history, language, continent) AS (
--     SELECT np.id, hs.num_visitor, ig.description, ic.maxTemp, ic.mintemp, hr.description, np.history, c.language, c.continent
--     FROM NationalPark np, HasStats hs, IsOfGeology ig, IsOfClimate ic, HasRecreation hr, Country c, IsInCountry
--     WHERE np.id = hs.park_id
--     AND np.id = ig.park_id
--     AND np.id = ic.park_id
--     AND np.id = hr.park_id
--     AND np.id = IsInCountry.park_id 
--     AND IsInCountry.country_name = c.name
-- );
CREATE FUNCTION delete_np_followup() RETURNS TRIGGER AS $$
BEGIN
    DELETE 
    FROM IsInCountry iic
    WHERE iic.park_id = OLD.id;
    
    DELETE
    FROM  IsOfGeology iog
    WHERE iog.park_id = OLD.id;
    
    DELETE
    FROM IsOfClimate ioc
    WHERE ioc.park_id = OLD.id;
    
    DELETE
    FROM HasRecreation hr
    WHERE  hr.park_id = OLD.id;
    
    DELETE
    FROM HasStats hs
    WHERE hs.park_id = OLD.id;
    
    RETURN OLD;
END;
$$ LANGUAGE plpgsql;
CREATE FUNCTION
CREATE TRIGGER delete_national_park
BEFORE DELETE
On NationalPark
FOR EACH ROW EXECUTE PROCEDURE delete_np_followup();
CREATE TRIGGER
CREATE FUNCTION add_recreation() RETURNS TRIGGER AS $$
BEGIN 
    IF NOT EXISTS (
        SELECT * FROM Recreation WHERE name = NEW.recreation_name
    )
    THEN
        INSERT INTO Recreation(name) VALUES (NEW.recreation_name);
    END IF;
    RETURN NEW;
END;
$$ LANGUAGE plpgsql;
CREATE FUNCTION
CREATE TRIGGER add_recreation
BEFORE INSERT
ON HasRecreation
FOR EACH ROW EXECUTE PROCEDURE add_recreation();
CREATE TRIGGER
CREATE FUNCTION insert_isofclimate() RETURNS TRIGGER AS $$
BEGIN 
    IF NOT EXISTS (SELECT * FROM Climate WHERE name = NEW.name)
    THEN
        INSERT INTO Climate(name) VALUES (NEW.name);
    END IF;
    RETURN NEW;
END;
$$ LANGUAGE plpgsql;
CREATE FUNCTION
CREATE TRIGGER insert_isofclimate
BEFORE INSERT ON IsOfClimate 
FOR EACH ROW
EXECUTE PROCEDURE insert_isofclimate();
CREATE TRIGGER
--------Populating data----------
-- These are the seven continents
INSERT INTO Continent VALUES('North America');
INSERT 0 1
INSERT INTO Continent VALUES('Latin America');
INSERT 0 1
INSERT INTO Continent VALUES('Asia');
INSERT 0 1
INSERT INTO Continent VALUES('Africa');
INSERT 0 1
INSERT INTO Continent VALUES('Europe');
INSERT 0 1
INSERT INTO Continent VALUES('Australia');
INSERT 0 1
INSERT INTO Continent VALUES('Antarctica');
INSERT 0 1
-- Geology data
INSERT INTO Geology VALUES('volcanic', 'Full of volcanoes');
INSERT 0 1
INSERT INTO Geology VALUES('Karst', 
    'landscape underlain by limestone that has been eroded by dissolution, producing ridges, towers, fissures, sinkholes, and other characteristic landforms.');
INSERT 0 1
INSERT INTO Geology(name, description)
VALUES ('Crevice',
'A fracture is any separation in a geologic formation, such as a joint or
a fault that divides the rock into two or more pieces. A fracture will 
sometimes form a deep fissure or crevice in the rock. Fractures are commonly
caused by stress exceeding the rock strength, causing the rock to lose 
cohesion along its weakest plane.');
INSERT 0 1
-- Climate data
INSERT INTO Climate VALUES('Continental climate',
    'Continental climates are defined in the Köppen climate classification as having a coldest month mean temperature below -3 C (26.6 F) or 0 °C depending on which isotherm used for the coldest month and four months above 10 °C.');
INSERT 0 1
INSERT INTO Climate VALUES('Tropical climate',
    'Much of the equatorial belt within the tropical climate zone experiences hot and humid weather.');
INSERT 0 1
INSERT INTO Climate(name, description)
VALUES ('Desert/Arid climate',
'An area that features this climate usually experiences from 25 to 200 mm (7.87 inches)
per year of precipitation and in some years may experience no precipitation at all. 
The precipitation threshold (in millimetres) involves first multiplying the average
annual temperature in °C by 20, then adding 280 if 70% or more of the total precipitation
is in the high-sun half of the year (April through September in the Northern 
Hemisphere, or October through March in the Southern), or 140 if 30%–70% of 
the total precipitation is received during the applicable period, or 0 if less
than 30% of the total precipitation is so received.');
INSERT 0 1
--Rec data
INSERT INTO Recreation VALUES('camping');
INSERT 0 1
INSERT INTO Recreation VALUES('fishing');
INSERT 0 1
INSERT INTO Recreation(name)
VALUES (
'birdwatching');
INSERT 0 1
INSERT INTO Recreation(name)
VALUES (
'bushwalking');
INSERT 0 1
INSERT INTO Recreation(name)
VALUES (
'sunrise');
INSERT 0 1
--country
INSERT INTO Country(name, language, continent) VALUES('Australia', 'English', 'Australia');
INSERT 0 1
-- Insert new tuples
INSERT INTO NationalPark(id, name, history, url, size) 
VALUES(2,'Uluru-Kata Tjuta National Park','Uluru is Australia''s most 
recognizable natural icon and has become a focal point for Australia and the world''s 
acknowledgement of Australian indigenous culture.',
'https://parksaustralia.gov.au/uluru/', 
515);
INSERT 0 1
INSERT INTO PriceInfo(tTime, people_group, price, id)
VALUES('201604','Children', 9.59, 2);
INSERT 0 1
INSERT INTO PriceInfo(tTime, people_group, price, id) 
VALUES('201605','Adults', 19.18, 2);
INSERT 0 1
INSERT INTO IsInCountry(park_id, country_name) VALUES(2, 'Australia');
INSERT 0 1
INSERT INTO VisitorStats(year) VALUES(2014);
INSERT 0 1
INSERT INTO HasStats(park_id, year, num_visitor) VALUES(2, 2014, 279461);
INSERT 0 1
INSERT INTO IsOfGeology(park_id, name, description)
VALUES (2,
'Crevice',
'These domed rock formations are composed of conglomerate, 
a sedimentary rock consisting of cobbles and boulders of varying 
rock types including granite and basalt, cemented by a matrix of
sandstone. The crevasses are due to erosion, primarily by water.
Although it is a dry region, the large area of these domes 
collects a lot of rainwater, which runs off in steep waterfalls 
during rain.');
INSERT 0 1
INSERT INTO IsOfClimate(name, park_id, maxtemp, mintemp) 
VALUES (
'Desert/Arid climate',
2,
113,
23);
INSERT 0 1
INSERT INTO HasRecreation(park_id, recreation_name, description)
VALUES (
2,
'birdwatching',
'We have recorded 178 species of bird in the park including several rare species
such as the scarlet-chested parrot and the grey honeyeater. Their songs and colours
fill this arid landscape. The best time to see birds is early in the morning. 
Being quiet and patient is the key to success - you may well hear a bird before
you see it.');
INSERT 0 1
INSERT INTO HasRecreation(park_id, recreation_name, description)
VALUES (
2,
'bushwalking',
'A number of walks allow you to fully explore Uluru Kata Tjuta National Park. 
Most of the walks are wheelchair accessible, and range from easy to moderate. 
Walking reveals the natural beauty and rich culture of Uluru. Follow the footsteps 
of the ancestral beings that shaped this astonishing landscape.');
INSERT 0 1
INSERT INTO HasRecreation(park_id, recreation_name, description)
VALUES (
2,
'sunrise',
'Uluru is famous the world over for its spectacular sunrises and sunsets.
Watch as the rock changes colour before your very eyes. There are five viewing
areas built specifically for experiencing and photographing this beautiful 
landscape.');
INSERT 0 1
-- Populating data
INSERT INTO NationalPark(id, name, history, url, size) VALUES(1,'YellowStone','Yellowstone National Park is a national park located in the U.S. states of Wyoming, Montana and Idaho. It was established by the U.S. Congress and signed into law by President Ulysses S. Grant on March 1, 1872.',
    'https://www.nps.gov/yell/index.htm', 3471.00);
INSERT 0 1
INSERT INTO PriceInfo(tTime, people_group, price, id) VAlUES('201505','Children', 2.5,1); --dollars
INSERT 0 1
INSERT INTO PriceInfo(tTime, people_group, price, id)VALUES('201505','Adults',5.0,1);
INSERT 0 1
INSERT INTO PriceInfo(tTime, people_group, price, id) VALUES('201501','Adults',4.0,1);
INSERT 0 1
INSERT INTO Country (name, language, continent) VALUES('USA','English','North America');
INSERT 0 1
INSERT INTO IsInCountry(park_id, country_name) VALUES(1, 'USA');
INSERT 0 1
INSERT INTO VisitorStats(year) VALUES(2015);
INSERT 0 1
INSERT INTO HasStats(park_id, year, num_visitor) VALUES(1, 2015, 200000);
INSERT 0 1
INSERT INTO HasRecreation(park_id, recreation_name, description) VALUES(1, 'camping','If you’re interested in camping, Yellowstone is the place to go. We have 12 campgrounds and well over 2,000 campsites, and that’s not even mentioning the backcountry sites.');
INSERT 0 1
INSERT INTO HasRecreation(park_id, recreation_name, description) VALUES(1, 'fishing', 'The fishing season begins the Saturday of Memorial Day weekend (usually the last weekend in May) and extends through and includes the first Sunday in November.');
INSERT 0 1
INSERT INTO IsOfClimate(name, park_id, maxtemp, mintemp)  VALUES('Continental climate',1, 15.8, 1.3); 
INSERT 0 1
INSERT INTO IsOfGeology (park_id, name, description) VALUES(1, 'volcanic','The Yellowstone Caldera is a volcanic caldera and supervolcano located in Yellowstone National Park in the United States, sometimes referred to as the Yellowstone Supervolcano.');
INSERT 0 1
